<?xml version="1.0" encoding="UTF-8" ?>
<testsuite errors="0" failures="0" hostname="falblawi" name="com.alworoud.UnitControllerTests" tests="1" time="0.729" timestamp="2013-02-04T13:37:30">
  <properties />
  <testcase classname="com.alworoud.UnitControllerTests" name="testSomething" time="0.425" />
  <system-out><![CDATA[--Output from testSomething--
]]></system-out>
  <system-err><![CDATA[--Output from testSomething--
]]></system-err>
</testsuite>
