<?xml version="1.0" encoding="UTF-8" ?>
<testsuite errors="0" failures="0" hostname="falblawi" name="com.alworoud.OwnerTests" tests="1" time="0.81" timestamp="2013-02-26T09:04:06">
  <properties />
  <testcase classname="com.alworoud.OwnerTests" name="testOwner" time="0.808" />
  <system-out><![CDATA[--Output from testOwner--
]]></system-out>
  <system-err><![CDATA[--Output from testOwner--
]]></system-err>
</testsuite>
